# JRE version: Java(TM) SE Runtime Environment (19.0.1+10) (build 19.0.1+10-21)
# Java VM: Java HotSpot(TM) 64-Bit Server VM (19.0.1+10-21, mixed mode, sharing, tiered, compressed oops, compressed class ptrs, g1 gc, windows-amd64)
GC Precious Log:
 CardTable entry size: 512
 Card Set container configuration: InlinePtr #cards 5 size 8 Array Of Cards #cards 12 size 40 Howl #buckets 4 coarsen threshold 1843 Howl Bitmap #cards 512 size 80 coarsen threshold 460 Card regions per heap region 1 cards per card region 2048
 CPUs: 4 total, 4 available
 Memory: 3858M
 Large Page Support: Disabled
 NUMA Support: Disabled
 Compressed Oops: Enabled (32-bit)
 Heap Region Size: 1M
 Heap Min Capacity: 8M
 Heap Initial Capacity: 62M
 Heap Max Capacity: 512M
 Pre-touch: Disabled
 Parallel Workers: 4
 Concurrent Workers: 1
 Concurrent Refinement Workers: 4
 Periodic GC: Disabled
Heap:
 garbage-first heap   total 478208K, used 438624K [0x00000000e0000000, 0x0000000100000000)
  region size 1024K, 276 young (282624K), 33 survivors (33792K)
 Metaspace       used 8326K, committed 8640K, reserved 1114112K
  class space    used 1104K, committed 1280K, reserved 1048576K
GC Heap History (20 events):
Event: 4.883 GC heap after
{Heap after GC invocations=17 (full 0):
 garbage-first heap   total 258048K, used 152143K [0x00000000e0000000, 0x0000000100000000)
  region size 1024K, 1 young (1024K), 1 survivors (1024K)
 Metaspace       used 8157K, committed 8448K, reserved 1114112K
  class space    used 1094K, committed 1280K, reserved 1048576K
}
Event: 5.113 GC heap before
{Heap before GC invocations=17 (full 0):
 garbage-first heap   total 258048K, used 221775K [0x00000000e0000000, 0x0000000100000000)
  region size 1024K, 58 young (59392K), 1 survivors (1024K)
 Metaspace       used 8157K, committed 8448K, reserved 1114112K
  class space    used 1094K, committed 1280K, reserved 1048576K
}
Event: 5.114 GC heap after
{Heap after GC invocations=18 (full 0):
 garbage-first heap   total 258048K, used 156978K [0x00000000e0000000, 0x0000000100000000)
  region size 1024K, 1 young (1024K), 1 survivors (1024K)
 Metaspace       used 8157K, committed 8448K, reserved 1114112K
  class space    used 1094K, committed 1280K, reserved 1048576K
}
Event: 5.249 GC heap before
{Heap before GC invocations=18 (full 0):
 garbage-first heap   total 258048K, used 235826K [0x00000000e0000000, 0x0000000100000000)
  region size 1024K, 68 young (69632K), 1 survivors (1024K)
 Metaspace       used 8157K, committed 8448K, reserved 1114112K
  class space    used 1094K, committed 1280K, reserved 1048576K
}
Event: 5.250 GC heap after
{Heap after GC invocations=19 (full 0):
 garbage-first heap   total 258048K, used 162090K [0x00000000e0000000, 0x0000000100000000)
  region size 1024K, 1 young (1024K), 1 survivors (1024K)
 Metaspace       used 8157K, committed 8448K, reserved 1114112K
  class space    used 1094K, committed 1280K, reserved 1048576K
}
Event: 5.453 GC heap before
{Heap before GC invocations=20 (full 0):
 garbage-first heap   total 281600K, used 209194K [0x00000000e0000000, 0x0000000100000000)
  region size 1024K, 64 young (65536K), 1 survivors (1024K)
 Metaspace       used 8157K, committed 8448K, reserved 1114112K
  class space    used 1094K, committed 1280K, reserved 1048576K
}
Event: 5.454 GC heap after
{Heap after GC invocations=21 (full 0):
 garbage-first heap   total 281600K, used 134449K [0x00000000e0000000, 0x0000000100000000)
  region size 1024K, 1 young (1024K), 1 survivors (1024K)
 Metaspace       used 8157K, committed 8448K, reserved 1114112K
  class space    used 1094K, committed 1280K, reserved 1048576K
}
Event: 5.584 GC heap before
{Heap before GC invocations=21 (full 0):
 garbage-first heap   total 281600K, used 240945K [0x00000000e0000000, 0x0000000100000000)
  region size 1024K, 106 young (108544K), 1 survivors (1024K)
 Metaspace       used 8157K, committed 8448K, reserved 1114112K
  class space    used 1094K, committed 1280K, reserved 1048576K
}
Event: 5.587 GC heap after
{Heap after GC invocations=22 (full 0):
 garbage-first heap   total 281600K, used 134442K [0x00000000e0000000, 0x0000000100000000)
  region size 1024K, 1 young (1024K), 1 survivors (1024K)
 Metaspace       used 8157K, committed 8448K, reserved 1114112K
  class space    used 1094K, committed 1280K, reserved 1048576K
}
Event: 5.737 GC heap before
{Heap before GC invocations=22 (full 0):
 garbage-first heap   total 281600K, used 279850K [0x00000000e0000000, 0x0000000100000000)
  region size 1024K, 106 young (108544K), 1 survivors (1024K)
 Metaspace       used 8157K, committed 8448K, reserved 1114112K
  class space    used 1094K, committed 1280K, reserved 1048576K
}
Event: 5.739 GC heap after
{Heap after GC invocations=23 (full 0):
 garbage-first heap   total 282624K, used 152870K [0x00000000e0000000, 0x0000000100000000)
  region size 1024K, 1 young (1024K), 1 survivors (1024K)
 Metaspace       used 8157K, committed 8448K, reserved 1114112K
  class space    used 1094K, committed 1280K, reserved 1048576K
}
Event: 5.863 GC heap before
{Heap before GC invocations=23 (full 0):
 garbage-first heap   total 282624K, used 250150K [0x00000000e0000000, 0x0000000100000000)
  region size 1024K, 96 young (98304K), 1 survivors (1024K)
 Metaspace       used 8157K, committed 8448K, reserved 1114112K
  class space    used 1094K, committed 1280K, reserved 1048576K
}
Event: 5.864 GC heap after
{Heap after GC invocations=24 (full 0):
 garbage-first heap   total 282624K, used 152867K [0x00000000e0000000, 0x0000000100000000)
  region size 1024K, 1 young (1024K), 1 survivors (1024K)
 Metaspace       used 8157K, committed 8448K, reserved 1114112K
  class space    used 1094K, committed 1280K, reserved 1048576K
}
Event: 6.135 GC heap before
{Heap before GC invocations=25 (full 0):
 garbage-first heap   total 440320K, used 324899K [0x00000000e0000000, 0x0000000100000000)
  region size 1024K, 96 young (98304K), 1 survivors (1024K)
 Metaspace       used 8157K, committed 8448K, reserved 1114112K
  class space    used 1094K, committed 1280K, reserved 1048576K
}
Event: 6.137 GC heap after
{Heap after GC invocations=26 (full 0):
 garbage-first heap   total 440320K, used 189740K [0x00000000e0000000, 0x0000000100000000)
  region size 1024K, 1 young (1024K), 1 survivors (1024K)
 Metaspace       used 8157K, committed 8448K, reserved 1114112K
  class space    used 1094K, committed 1280K, reserved 1048576K
}
Event: 6.693 GC heap before
{Heap before GC invocations=26 (full 0):
 garbage-first heap   total 440320K, used 290092K [0x00000000e0000000, 0x0000000100000000)
  region size 1024K, 100 young (102400K), 1 survivors (1024K)
 Metaspace       used 8157K, committed 8448K, reserved 1114112K
  class space    used 1094K, committed 1280K, reserved 1048576K
}
Event: 6.695 GC heap after
{Heap after GC invocations=27 (full 0):
 garbage-first heap   total 440320K, used 189739K [0x00000000e0000000, 0x0000000100000000)
  region size 1024K, 1 young (1024K), 1 survivors (1024K)
 Metaspace       used 8157K, committed 8448K, reserved 1114112K
  class space    used 1094K, committed 1280K, reserved 1048576K
}
Event: 6.735 GC heap before
{Heap before GC invocations=27 (full 0):
 garbage-first heap   total 440320K, used 233771K [0x00000000e0000000, 0x0000000100000000)
  region size 1024K, 2 young (2048K), 1 survivors (1024K)
 Metaspace       used 8209K, committed 8512K, reserved 1114112K
  class space    used 1101K, committed 1280K, reserved 1048576K
}
Event: 6.736 GC heap after
{Heap after GC invocations=28 (full 0):
 garbage-first heap   total 440320K, used 115040K [0x00000000e0000000, 0x0000000100000000)
  region size 1024K, 1 young (1024K), 1 survivors (1024K)
 Metaspace       used 8209K, committed 8512K, reserved 1114112K
  class space    used 1101K, committed 1280K, reserved 1048576K
}
Event: 8.314 GC heap before
{Heap before GC invocations=28 (full 0):
 garbage-first heap   total 440320K, used 438624K [0x00000000e0000000, 0x0000000100000000)
  region size 1024K, 244 young (249856K), 1 survivors (1024K)
 Metaspace       used 8326K, committed 8640K, reserved 1114112K
  class space    used 1104K, committed 1280K, reserved 1048576K
}

