# JRE version: Java(TM) SE Runtime Environment (19.0.1+10) (build 19.0.1+10-21)
# Java VM: Java HotSpot(TM) 64-Bit Server VM (19.0.1+10-21, mixed mode, sharing, tiered, compressed oops, compressed class ptrs, g1 gc, windows-amd64)
GC Precious Log:
 CardTable entry size: 512
 Card Set container configuration: InlinePtr #cards 5 size 8 Array Of Cards #cards 12 size 40 Howl #buckets 4 coarsen threshold 1843 Howl Bitmap #cards 512 size 80 coarsen threshold 460 Card regions per heap region 1 cards per card region 2048
 CPUs: 4 total, 4 available
 Memory: 3858M
 Large Page Support: Disabled
 NUMA Support: Disabled
 Compressed Oops: Enabled (32-bit)
 Heap Region Size: 1M
 Heap Min Capacity: 8M
 Heap Initial Capacity: 62M
 Heap Max Capacity: 512M
 Pre-touch: Disabled
 Parallel Workers: 4
 Concurrent Workers: 1
 Concurrent Refinement Workers: 4
 Periodic GC: Disabled
Heap:
 garbage-first heap   total 381952K, used 326202K [0x00000000e0000000, 0x0000000100000000)
  region size 1024K, 1 young (1024K), 1 survivors (1024K)
 Metaspace       used 8104K, committed 8384K, reserved 1114112K
  class space    used 1086K, committed 1216K, reserved 1048576K
GC Heap History (16 events):
Event: 1.437 GC heap before
{Heap before GC invocations=0 (full 0):
 garbage-first heap   total 63488K, used 12288K [0x00000000e0000000, 0x0000000100000000)
  region size 1024K, 13 young (13312K), 0 survivors (0K)
 Metaspace       used 4233K, committed 4352K, reserved 1114112K
  class space    used 505K, committed 576K, reserved 1048576K
}
Event: 1.450 GC heap after
{Heap after GC invocations=1 (full 0):
 garbage-first heap   total 63488K, used 5396K [0x00000000e0000000, 0x0000000100000000)
  region size 1024K, 2 young (2048K), 2 survivors (2048K)
 Metaspace       used 4233K, committed 4352K, reserved 1114112K
  class space    used 505K, committed 576K, reserved 1048576K
}
Event: 2.338 GC heap before
{Heap before GC invocations=1 (full 0):
 garbage-first heap   total 63488K, used 16660K [0x00000000e0000000, 0x0000000100000000)
  region size 1024K, 13 young (13312K), 2 survivors (2048K)
 Metaspace       used 7467K, committed 7744K, reserved 1114112K
  class space    used 964K, committed 1088K, reserved 1048576K
}
Event: 2.344 GC heap after
{Heap after GC invocations=2 (full 0):
 garbage-first heap   total 63488K, used 6537K [0x00000000e0000000, 0x0000000100000000)
  region size 1024K, 2 young (2048K), 2 survivors (2048K)
 Metaspace       used 7467K, committed 7744K, reserved 1114112K
  class space    used 964K, committed 1088K, reserved 1048576K
}
Event: 2.604 GC heap before
{Heap before GC invocations=2 (full 0):
 garbage-first heap   total 63488K, used 25993K [0x00000000e0000000, 0x0000000100000000)
  region size 1024K, 7 young (7168K), 2 survivors (2048K)
 Metaspace       used 8102K, committed 8384K, reserved 1114112K
  class space    used 1086K, committed 1216K, reserved 1048576K
}
Event: 2.620 GC heap after
{Heap after GC invocations=3 (full 0):
 garbage-first heap   total 63488K, used 23120K [0x00000000e0000000, 0x0000000100000000)
  region size 1024K, 2 young (2048K), 2 survivors (2048K)
 Metaspace       used 8102K, committed 8384K, reserved 1114112K
  class space    used 1086K, committed 1216K, reserved 1048576K
}
Event: 2.665 GC heap before
{Heap before GC invocations=3 (full 0):
 garbage-first heap   total 63488K, used 30288K [0x00000000e0000000, 0x0000000100000000)
  region size 1024K, 3 young (3072K), 2 survivors (2048K)
 Metaspace       used 8104K, committed 8384K, reserved 1114112K
  class space    used 1086K, committed 1216K, reserved 1048576K
}
Event: 2.680 GC heap after
{Heap after GC invocations=4 (full 0):
 garbage-first heap   total 63488K, used 30361K [0x00000000e0000000, 0x0000000100000000)
  region size 1024K, 2 young (2048K), 2 survivors (2048K)
 Metaspace       used 8104K, committed 8384K, reserved 1114112K
  class space    used 1086K, committed 1216K, reserved 1048576K
}
Event: 2.759 GC heap before
{Heap before GC invocations=5 (full 0):
 garbage-first heap   total 63488K, used 25241K [0x00000000e0000000, 0x0000000100000000)
  region size 1024K, 2 young (2048K), 2 survivors (2048K)
 Metaspace       used 8104K, committed 8384K, reserved 1114112K
  class space    used 1086K, committed 1216K, reserved 1048576K
}
Event: 2.773 GC heap after
{Heap after GC invocations=6 (full 0):
 garbage-first heap   total 63488K, used 25203K [0x00000000e0000000, 0x0000000100000000)
  region size 1024K, 2 young (2048K), 2 survivors (2048K)
 Metaspace       used 8104K, committed 8384K, reserved 1114112K
  class space    used 1086K, committed 1216K, reserved 1048576K
}
Event: 2.856 GC heap before
{Heap before GC invocations=6 (full 0):
 garbage-first heap   total 63488K, used 41587K [0x00000000e0000000, 0x0000000100000000)
  region size 1024K, 2 young (2048K), 2 survivors (2048K)
 Metaspace       used 8104K, committed 8384K, reserved 1114112K
  class space    used 1086K, committed 1216K, reserved 1048576K
}
Event: 2.870 GC heap after
{Heap after GC invocations=7 (full 0):
 garbage-first heap   total 63488K, used 41655K [0x00000000e0000000, 0x0000000100000000)
  region size 1024K, 2 young (2048K), 2 survivors (2048K)
 Metaspace       used 8104K, committed 8384K, reserved 1114112K
  class space    used 1086K, committed 1216K, reserved 1048576K
}
Event: 3.107 GC heap before
{Heap before GC invocations=8 (full 0):
 garbage-first heap   total 87040K, used 47799K [0x00000000e0000000, 0x0000000100000000)
  region size 1024K, 2 young (2048K), 2 survivors (2048K)
 Metaspace       used 8104K, committed 8384K, reserved 1114112K
  class space    used 1086K, committed 1216K, reserved 1048576K
}
Event: 3.128 GC heap after
{Heap after GC invocations=9 (full 0):
 garbage-first heap   total 87040K, used 47732K [0x00000000e0000000, 0x0000000100000000)
  region size 1024K, 1 young (1024K), 1 survivors (1024K)
 Metaspace       used 8104K, committed 8384K, reserved 1114112K
  class space    used 1086K, committed 1216K, reserved 1048576K
}
Event: 5.573 GC heap before
{Heap before GC invocations=10 (full 0):
 garbage-first heap   total 381952K, used 326260K [0x00000000e0000000, 0x0000000100000000)
  region size 1024K, 1 young (1024K), 1 survivors (1024K)
 Metaspace       used 8104K, committed 8384K, reserved 1114112K
  class space    used 1086K, committed 1216K, reserved 1048576K
}
Event: 5.596 GC heap after
{Heap after GC invocations=11 (full 0):
 garbage-first heap   total 381952K, used 326202K [0x00000000e0000000, 0x0000000100000000)
  region size 1024K, 1 young (1024K), 1 survivors (1024K)
 Metaspace       used 8104K, committed 8384K, reserved 1114112K
  class space    used 1086K, committed 1216K, reserved 1048576K
}

